#
# A fatal error has been detected by the Java Runtime Environment:
#
#  EXCEPTION_ACCESS_VIOLATION (0xc0000005) at pc=0x000000006e9e1057, pid=2740, tid=0x0000000000001c4c
#
# JRE version: Java(TM) SE Runtime Environment (8.0_181-b13) (build 1.8.0_181-b13)
# Java VM: Java HotSpot(TM) 64-Bit Server VM (25.181-b13 mixed mode windows-amd64 compressed oops)
# Problematic frame:
# C  [gdx-box2d64.dll+0x21057]
#
# Failed to write core dump. Minidumps are not enabled by default on client versions of Windows
#
# If you would like to submit a bug report, please visit:
#   http://bugreport.java.com/bugreport/crash.jsp
# The crash happened outside the Java Virtual Machine in native code.
# See problematic frame for where to report the bug.
#

---------------  T H R E A D  ---------------

Current thread (0x000000001d99b000):  JavaThread "LWJGL Application" [_thread_in_native, id=7244, stack(0x000000001f830000,0x000000001f930000)]

siginfo: ExceptionCode=0xc0000005, reading address 0x000000001dc95970

Registers:
RAX=0x000000006e9e7720, RBX=0x000000001dc7c650, RCX=0x000000001dc7c650, RDX=0x000000001f92ee80
RSP=0x000000001f92ed60, RBP=0x000000001f92ee50, RSI=0x0000000000000008, RDI=0x0000000000000009
R8 =0x000000001dc7c650, R9 =0x00000000000000dc, R10=0x0000000002658c3b, R11=0x0000000051cbc6a0
R12=0x0000000000000000, R13=0x000000001ba6fcb0, R14=0x000000001f92ee80, R15=0x000000001d99b000
RIP=0x000000006e9e1057, EFLAGS=0x0000000000010206

Top of Stack: (sp=0x000000001f92ed60)
0x000000001f92ed60:   000000001ba6fc28 000000001d99b000
0x000000001f92ed70:   fffffffe00000000 0000000000000000
0x000000001f92ed80:   000000001dc7c650 0000000000000008
0x000000001f92ed90:   0000000000000009 000000006e9e7735
0x000000001f92eda0:   000000001bab6d20 000000001d99b000
0x000000001f92edb0:   000000001bc9dde8 000000001bab3ca0
0x000000001f92edc0:   000000001ba6fcb0 0000000002658c67
0x000000001f92edd0:   0000000002664ea3 00000000026456d0
0x000000001f92ede0:   0000000000000000 000000001f92ef20
0x000000001f92edf0:   000000001f92eed8 000000001bab6cfc
0x000000001f92ee00:   00000000000000b6 000000001bab6d20
0x000000001f92ee10:   000000001f92ee10 0000000000000000
0x000000001f92ee20:   000000001f92ee80 000000001ba7e7d0
0x000000001f92ee30:   0000000000000000 000000001ba6fcb0
0x000000001f92ee40:   0000000000000000 000000001f92ee70
0x000000001f92ee50:   000000001f92eec8 000000000264835d 

Instructions: (pc=0x000000006e9e1057)
0x000000006e9e1037:   e8 74 50 01 00 48 89 c7 48 89 f1 e8 39 b4 fe ff
0x000000006e9e1047:   48 89 fe eb e0 0f 1f 40 00 57 56 53 48 83 ec 20
0x000000006e9e1057:   48 8b 81 20 93 01 00 48 89 ce 48 85 c0 74 3d 66
0x000000006e9e1067:   2e 0f 1f 84 00 00 00 00 00 48 8b 48 70 48 8b 78 


Register to memory mapping:

RAX=0x000000006e9e7720 is an unknown value
RBX=0x000000001dc7c650 is an unknown value
RCX=0x000000001dc7c650 is an unknown value
RDX=0x000000001f92ee80 is pointing into the stack for thread: 0x000000001d99b000
RSP=0x000000001f92ed60 is pointing into the stack for thread: 0x000000001d99b000
RBP=0x000000001f92ee50 is pointing into the stack for thread: 0x000000001d99b000
RSI=0x0000000000000008 is an unknown value
RDI=0x0000000000000009 is an unknown value
R8 =0x000000001dc7c650 is an unknown value
R9 =0x00000000000000dc is an unknown value
R10=0x0000000002658c3b is at code_begin+891 in an Interpreter codelet
method entry point (kind = native)  [0x00000000026588c0, 0x0000000002659280]  2496 bytes
R11=0x0000000051cbc6a0 is an unknown value
R12=0x0000000000000000 is an unknown value
R13={method} {0x000000001ba6fcb8} 'jniDispose' '(J)V' in 'com/badlogic/gdx/physics/box2d/World'
R14=0x000000001f92ee80 is pointing into the stack for thread: 0x000000001d99b000
R15=0x000000001d99b000 is a thread


Stack: [0x000000001f830000,0x000000001f930000],  sp=0x000000001f92ed60,  free space=1019k
Native frames: (J=compiled Java code, j=interpreted, Vv=VM code, C=native code)
C  [gdx-box2d64.dll+0x21057]
C  [gdx-box2d64.dll+0x27735]
C  0x0000000002658c67

Java frames: (J=compiled Java code, j=interpreted, Vv=VM code)
j  com.badlogic.gdx.physics.box2d.World.jniDispose(J)V+0
j  com.badlogic.gdx.physics.box2d.World.dispose()V+5
j  personaggi.Protagonista.dispose()V+4
j  livelli.Gioco.dispose()V+46
J 1182 C1 livelli.Gioco.update(F)V (145 bytes) @ 0x0000000002ac0f7c [0x0000000002ac0160+0xe1c]
J 1274 C1 com.mygdx.game.WoodenSlug.render()V (37 bytes) @ 0x0000000002b13a6c [0x0000000002b12ee0+0xb8c]
j  com.badlogic.gdx.backends.lwjgl.LwjglApplication.mainLoop()V+698
j  com.badlogic.gdx.backends.lwjgl.LwjglApplication$1.run()V+27
v  ~StubRoutines::call_stub

---------------  P R O C E S S  ---------------

Java Threads: ( => current thread )
  0x000000001f496000 JavaThread "LWJGL Timer" daemon [_thread_blocked, id=4764, stack(0x0000000029c40000,0x0000000029d40000)]
  0x000000001f175000 JavaThread "Timer" daemon [_thread_blocked, id=7300, stack(0x0000000029730000,0x0000000029830000)]
  0x0000000000a5e800 JavaThread "DestroyJavaVM" [_thread_blocked, id=14272, stack(0x00000000023c0000,0x00000000024c0000)]
=>0x000000001d99b000 JavaThread "LWJGL Application" [_thread_in_native, id=7244, stack(0x000000001f830000,0x000000001f930000)]
  0x000000001d658800 JavaThread "Service Thread" daemon [_thread_blocked, id=16004, stack(0x000000001da20000,0x000000001db20000)]
  0x000000001bc9e800 JavaThread "C1 CompilerThread2" daemon [_thread_blocked, id=11528, stack(0x000000001d520000,0x000000001d620000)]
  0x000000001bc94800 JavaThread "C2 CompilerThread1" daemon [_thread_blocked, id=7232, stack(0x000000001d420000,0x000000001d520000)]
  0x000000001bc8e800 JavaThread "C2 CompilerThread0" daemon [_thread_blocked, id=5888, stack(0x000000001d320000,0x000000001d420000)]
  0x000000001bc8c800 JavaThread "Attach Listener" daemon [_thread_blocked, id=15236, stack(0x000000001d220000,0x000000001d320000)]
  0x000000001bc8b800 JavaThread "Signal Dispatcher" daemon [_thread_blocked, id=7856, stack(0x000000001d120000,0x000000001d220000)]
  0x000000000263c000 JavaThread "Finalizer" daemon [_thread_blocked, id=18136, stack(0x000000001cf00000,0x000000001d000000)]
  0x0000000002633000 JavaThread "Reference Handler" daemon [_thread_blocked, id=15688, stack(0x000000001ce00000,0x000000001cf00000)]

Other Threads:
  0x000000001bc57800 VMThread [stack: 0x000000001cd00000,0x000000001ce00000] [id=4724]
  0x000000001d671000 WatcherThread [stack: 0x000000001db20000,0x000000001dc20000] [id=10424]

VM state:not at safepoint (normal execution)

VM Mutex/Monitor currently owned by a thread: None

Heap:
 PSYoungGen      total 76288K, used 30719K [0x000000076af80000, 0x0000000770480000, 0x00000007c0000000)
  eden space 65536K, 46% used [0x000000076af80000,0x000000076cd7fc00,0x000000076ef80000)
  from space 10752K, 0% used [0x000000076fa00000,0x000000076fa00000,0x0000000770480000)
  to   space 10752K, 0% used [0x000000076ef80000,0x000000076ef80000,0x000000076fa00000)
 ParOldGen       total 175104K, used 0K [0x00000006c0e00000, 0x00000006cb900000, 0x000000076af80000)
  object space 175104K, 0% used [0x00000006c0e00000,0x00000006c0e00000,0x00000006cb900000)
 Metaspace       used 10007K, capacity 10197K, committed 10240K, reserved 1058816K
  class space    used 963K, capacity 1023K, committed 1024K, reserved 1048576K

Card table byte_map: [0x0000000011a00000,0x0000000012200000] byte_map_base: 0x000000000e3f9000

Marking Bits: (ParMarkBitMap*) 0x00000000522b2d00
 Begin Bits: [0x0000000012b60000, 0x0000000016b28000)
 End Bits:   [0x0000000016b28000, 0x000000001aaf0000)

Polling page: 0x0000000000a60000

CodeCache: size=245760Kb used=4967Kb max_used=4979Kb free=240792Kb
 bounds [0x0000000002640000, 0x0000000002b20000, 0x0000000011640000]
 total_blobs=1816 nmethods=1292 adapters=437
 compilation: enabled

Compilation events (10 events):
Event: 11.532 Thread 0x000000001bc9e800 1288       3       com.mygdx.game.Hud::setVite (9 bytes)
Event: 11.532 Thread 0x000000001bc9e800 nmethod 1288 0x0000000002b195d0 code [0x0000000002b19720, 0x0000000002b198b0]
Event: 11.532 Thread 0x000000001bc9e800 1289       3       personaggi.GestoreGioco::update (112 bytes)
Event: 11.532 Thread 0x000000001bc9e800 nmethod 1289 0x0000000002b19950 code [0x0000000002b19bc0, 0x0000000002b1a958]
Event: 11.532 Thread 0x000000001bc9e800 1290   !   3       java.io.PrintStream::println (24 bytes)
Event: 11.533 Thread 0x000000001bc9e800 nmethod 1290 0x0000000002b1b010 code [0x0000000002b1b1a0, 0x0000000002b1b5d8]
Event: 11.533 Thread 0x000000001bc9e800 1291       3       java.io.PrintStream::print (16 bytes)
Event: 11.533 Thread 0x000000001bc9e800 nmethod 1291 0x0000000002b1b750 code [0x0000000002b1b8c0, 0x0000000002b1baa8]
Event: 11.781 Thread 0x000000001bc94800 1292       4       com.badlogic.gdx.graphics.glutils.ShaderProgram::fetchUniformLocation (90 bytes)
Event: 11.784 Thread 0x000000001bc94800 nmethod 1292 0x0000000002b1eb90 code [0x0000000002b1ece0, 0x0000000002b1f118]

GC Heap History (0 events):
No events

Deoptimization events (6 events):
Event: 1.788 Thread 0x000000001d99b000 Uncommon trap: reason=unstable_if action=reinterpret pc=0x00000000028705f4 method=java.lang.String.<init>([CII)V @ 18
Event: 2.660 Thread 0x000000001d99b000 Uncommon trap: reason=unstable_if action=reinterpret pc=0x00000000028cbe9c method=javazoom.jl.decoder.BitReserve.hgetbits(I)I @ 22
Event: 2.663 Thread 0x000000001d99b000 Uncommon trap: reason=unstable_if action=reinterpret pc=0x00000000029294ec method=javazoom.jl.decoder.LayerIIIDecoder.stereo(I)V @ 1914
Event: 2.953 Thread 0x000000001d99b000 Uncommon trap: reason=unstable_if action=reinterpret pc=0x000000000297c964 method=sun.misc.MetaIndex.mayContain(Ljava/lang/String;)Z @ 38
Event: 2.954 Thread 0x000000001d99b000 Uncommon trap: reason=unstable_if action=reinterpret pc=0x00000000029718d8 method=sun.misc.MetaIndex.mayContain(Ljava/lang/String;)Z @ 38
Event: 12.249 Thread 0x000000001d99b000 Uncommon trap: reason=unstable_if action=reinterpret pc=0x0000000002ab5404 method=livelli.Gioco.rimuoviProtagonista(Ljava/lang/Object;Lcom/badlogic/gdx/physics/box2d/Body;)V @ 16

Classes redefined (0 events):
No events

Internal exceptions (10 events):
Event: 0.171 Thread 0x0000000000a5e800 Exception <a 'java/security/PrivilegedActionException'> (0x000000076b2e65d8) thrown at [C:\re\workspace\8-2-build-windows-amd64-cygwin\jdk8u181\11358\hotspot\src\share\vm\prims\jvm.cpp, line 1435]
Event: 0.171 Thread 0x0000000000a5e800 Exception <a 'java/security/PrivilegedActionException'> (0x000000076b2e67e8) thrown at [C:\re\workspace\8-2-build-windows-amd64-cygwin\jdk8u181\11358\hotspot\src\share\vm\prims\jvm.cpp, line 1435]
Event: 0.364 Thread 0x0000000000a5e800 Exception <a 'java/security/PrivilegedActionException'> (0x000000076b3f48d8) thrown at [C:\re\workspace\8-2-build-windows-amd64-cygwin\jdk8u181\11358\hotspot\src\share\vm\prims\jvm.cpp, line 1435]
Event: 0.365 Thread 0x0000000000a5e800 Exception <a 'java/security/PrivilegedActionException'> (0x000000076b3f65b0) thrown at [C:\re\workspace\8-2-build-windows-amd64-cygwin\jdk8u181\11358\hotspot\src\share\vm\prims\jvm.cpp, line 1435]
Event: 0.365 Thread 0x0000000000a5e800 Exception <a 'java/security/PrivilegedActionException'> (0x000000076b3f7720) thrown at [C:\re\workspace\8-2-build-windows-amd64-cygwin\jdk8u181\11358\hotspot\src\share\vm\prims\jvm.cpp, line 1435]
Event: 0.365 Thread 0x0000000000a5e800 Exception <a 'java/security/PrivilegedActionException'> (0x000000076b3fc888) thrown at [C:\re\workspace\8-2-build-windows-amd64-cygwin\jdk8u181\11358\hotspot\src\share\vm\prims\jvm.cpp, line 1435]
Event: 0.365 Thread 0x0000000000a5e800 Exception <a 'java/security/PrivilegedActionException'> (0x000000076b3fd4e0) thrown at [C:\re\workspace\8-2-build-windows-amd64-cygwin\jdk8u181\11358\hotspot\src\share\vm\prims\jvm.cpp, line 1435]
Event: 0.365 Thread 0x0000000000a5e800 Exception <a 'java/security/PrivilegedActionException'> (0x000000076b3fe108) thrown at [C:\re\workspace\8-2-build-windows-amd64-cygwin\jdk8u181\11358\hotspot\src\share\vm\prims\jvm.cpp, line 1435]
Event: 1.770 Thread 0x000000001d99b000 Exception <a 'java/lang/NoSuchFieldError': method resolution failed> (0x000000076c094050) thrown at [C:\re\workspace\8-2-build-windows-amd64-cygwin\jdk8u181\11358\hotspot\src\share\vm\prims\methodHandles.cpp, line 1167]
Event: 1.771 Thread 0x000000001d99b000 Exception <a 'java/lang/NoSuchFieldError': method resolution failed> (0x000000076c0a1710) thrown at [C:\re\workspace\8-2-build-windows-amd64-cygwin\jdk8u181\11358\hotspot\src\share\vm\prims\methodHandles.cpp, line 1167]

Events (10 events):
Event: 10.696 Executing VM operation: RevokeBias done
Event: 12.215 Executing VM operation: RevokeBias
Event: 12.215 Executing VM operation: RevokeBias done
Event: 12.249 Thread 0x000000001d99b000 Uncommon trap: trap_request=0xffffff65 fr.pc=0x0000000002ab5404
Event: 12.249 Thread 0x000000001d99b000 DEOPT PACKING pc=0x0000000002ab5404 sp=0x000000001f92eea0
Event: 12.249 Thread 0x000000001d99b000 DEOPT UNPACKING pc=0x000000000268583b sp=0x000000001f92ee30 mode 2
Event: 12.250 loading class com/badlogic/gdx/scenes/scene2d/InputEvent$Type
Event: 12.250 loading class com/badlogic/gdx/scenes/scene2d/InputEvent$Type done
Event: 12.250 loading class com/badlogic/gdx/utils/ObjectSet$ObjectSetIterator
Event: 12.250 loading class com/badlogic/gdx/utils/ObjectSet$ObjectSetIterator done


Dynamic libraries:
0x00007ff7f05a0000 - 0x00007ff7f05d7000 	C:\Program Files\Java\jdk1.8.0_181\bin\java.exe
0x00007ffe43020000 - 0x00007ffe4320d000 	C:\WINDOWS\SYSTEM32\ntdll.dll
0x00007ffe05b90000 - 0x00007ffe05ba2000 	C:\Program Files\AVAST Software\Avast\aswhook.dll
0x00007ffe42400000 - 0x00007ffe424b3000 	C:\WINDOWS\System32\KERNEL32.DLL
0x00007ffe3f4e0000 - 0x00007ffe3f773000 	C:\WINDOWS\System32\KERNELBASE.dll
0x00007ffe405d0000 - 0x00007ffe40673000 	C:\WINDOWS\System32\ADVAPI32.dll
0x00007ffe40680000 - 0x00007ffe4071e000 	C:\WINDOWS\System32\msvcrt.dll
0x00007ffe40720000 - 0x00007ffe407be000 	C:\WINDOWS\System32\sechost.dll
0x00007ffe407c0000 - 0x00007ffe408e2000 	C:\WINDOWS\System32\RPCRT4.dll
0x00007ffe42d90000 - 0x00007ffe42f27000 	C:\WINDOWS\System32\USER32.dll
0x00007ffe3f140000 - 0x00007ffe3f160000 	C:\WINDOWS\System32\win32u.dll
0x00007ffe402b0000 - 0x00007ffe402d9000 	C:\WINDOWS\System32\GDI32.dll
0x00007ffe3f7e0000 - 0x00007ffe3f97a000 	C:\WINDOWS\System32\gdi32full.dll
0x00007ffe3f440000 - 0x00007ffe3f4e0000 	C:\WINDOWS\System32\msvcp_win.dll
0x00007ffe3f340000 - 0x00007ffe3f43a000 	C:\WINDOWS\System32\ucrtbase.dll
0x00007ffe2ff60000 - 0x00007ffe301d9000 	C:\WINDOWS\WinSxS\amd64_microsoft.windows.common-controls_6595b64144ccf1df_6.0.17763.379_none_05b83be8071c94a1\COMCTL32.dll
0x00007ffe420c0000 - 0x00007ffe423ed000 	C:\WINDOWS\System32\combase.dll
0x00007ffe401d0000 - 0x00007ffe4024e000 	C:\WINDOWS\System32\bcryptPrimitives.dll
0x00007ffe42a10000 - 0x00007ffe42a3e000 	C:\WINDOWS\System32\IMM32.DLL
0x0000000052f50000 - 0x0000000053022000 	C:\Program Files\Java\jdk1.8.0_181\jre\bin\msvcr100.dll
0x0000000051a90000 - 0x0000000052332000 	C:\Program Files\Java\jdk1.8.0_181\jre\bin\server\jvm.dll
0x00007ffe408f0000 - 0x00007ffe408f8000 	C:\WINDOWS\System32\PSAPI.DLL
0x00007ffe352a0000 - 0x00007ffe352a9000 	C:\WINDOWS\SYSTEM32\WSOCK32.dll
0x00007ffe42d20000 - 0x00007ffe42d8d000 	C:\WINDOWS\System32\WS2_32.dll
0x00007ffe3a110000 - 0x00007ffe3a134000 	C:\WINDOWS\SYSTEM32\WINMM.dll
0x00007ffe3a140000 - 0x00007ffe3a14a000 	C:\WINDOWS\SYSTEM32\VERSION.dll
0x00007ffe3a0e0000 - 0x00007ffe3a10d000 	C:\WINDOWS\SYSTEM32\WINMMBASE.dll
0x00007ffe3f0f0000 - 0x00007ffe3f13a000 	C:\WINDOWS\System32\cfgmgr32.dll
0x0000000052f00000 - 0x0000000052f0f000 	C:\Program Files\Java\jdk1.8.0_181\jre\bin\verify.dll
0x0000000052ed0000 - 0x0000000052ef9000 	C:\Program Files\Java\jdk1.8.0_181\jre\bin\java.dll
0x0000000052eb0000 - 0x0000000052ec6000 	C:\Program Files\Java\jdk1.8.0_181\jre\bin\zip.dll
0x00007ffe40a70000 - 0x00007ffe41f60000 	C:\WINDOWS\System32\SHELL32.dll
0x00007ffe42c70000 - 0x00007ffe42d18000 	C:\WINDOWS\System32\shcore.dll
0x00007ffe3fa80000 - 0x00007ffe401ca000 	C:\WINDOWS\System32\windows.storage.dll
0x00007ffe3f060000 - 0x00007ffe3f084000 	C:\WINDOWS\System32\profapi.dll
0x00007ffe3f090000 - 0x00007ffe3f0ed000 	C:\WINDOWS\System32\powrprof.dll
0x00007ffe40250000 - 0x00007ffe402a2000 	C:\WINDOWS\System32\shlwapi.dll
0x00007ffe3f040000 - 0x00007ffe3f051000 	C:\WINDOWS\System32\kernel.appcore.dll
0x00007ffe3f9b0000 - 0x00007ffe3f9c7000 	C:\WINDOWS\System32\cryptsp.dll
0x0000000065ac0000 - 0x0000000065b26000 	C:\Users\Giuseppe\AppData\Local\Temp\libgdxGiuseppe\689f6d6a\gdx64.dll
0x00007ffe3e400000 - 0x00007ffe3e433000 	C:\WINDOWS\system32\rsaenh.dll
0x00007ffe3f980000 - 0x00007ffe3f9a6000 	C:\WINDOWS\System32\bcrypt.dll
0x00007ffe3ef50000 - 0x00007ffe3ef78000 	C:\WINDOWS\SYSTEM32\USERENV.dll
0x00007ffe3ea10000 - 0x00007ffe3ea1c000 	C:\WINDOWS\SYSTEM32\CRYPTBASE.dll
0x0000000052e90000 - 0x0000000052eaa000 	C:\Program Files\Java\jdk1.8.0_181\jre\bin\net.dll
0x00007ffe3e840000 - 0x00007ffe3e8a7000 	C:\WINDOWS\system32\mswsock.dll
0x00007ffe3e5a0000 - 0x00007ffe3e5dd000 	C:\WINDOWS\SYSTEM32\IPHLPAPI.DLL
0x00007ffe402e0000 - 0x00007ffe402e8000 	C:\WINDOWS\System32\NSI.dll
0x00007ffe396d0000 - 0x00007ffe396e6000 	C:\WINDOWS\SYSTEM32\dhcpcsvc6.DLL
0x00007ffe39570000 - 0x00007ffe3958c000 	C:\WINDOWS\SYSTEM32\dhcpcsvc.DLL
0x00007ffe3e5f0000 - 0x00007ffe3e6b6000 	C:\WINDOWS\SYSTEM32\DNSAPI.dll
0x0000000052e70000 - 0x0000000052e81000 	C:\Program Files\Java\jdk1.8.0_181\jre\bin\nio.dll
0x0000000180000000 - 0x0000000180053000 	C:\Users\Giuseppe\AppData\Local\Temp\libgdxGiuseppe\dc0f0009\lwjgl64.dll
0x00007ffe08850000 - 0x00007ffe08977000 	C:\WINDOWS\SYSTEM32\OPENGL32.dll
0x00007ffe1f470000 - 0x00007ffe1f49c000 	C:\WINDOWS\SYSTEM32\GLU32.dll
0x000000001e060000 - 0x000000001e0c4000 	C:\Users\Giuseppe\AppData\Local\Temp\libgdxGiuseppe\dc0f0009\OpenAL64.dll
0x00007ffe41f60000 - 0x00007ffe420b5000 	C:\WINDOWS\System32\ole32.dll
0x00007ffe3d350000 - 0x00007ffe3d3ec000 	C:\WINDOWS\system32\uxtheme.dll
0x000000001e4d0000 - 0x000000001e73f000 	C:\Program Files (x86)\RivaTuner Statistics Server\RTSSHooks64.dll
0x00007ffe424c0000 - 0x00007ffe42562000 	C:\WINDOWS\System32\clbcatq.dll
0x00007ffe3a6d0000 - 0x00007ffe3a878000 	C:\WINDOWS\System32\PROPSYS.dll
0x00007ffe402f0000 - 0x00007ffe403bb000 	C:\WINDOWS\System32\OLEAUT32.dll
0x00007ffe18b70000 - 0x00007ffe18c06000 	C:\WINDOWS\SYSTEM32\dsound.dll
0x00007ffe395c0000 - 0x00007ffe39630000 	C:\WINDOWS\System32\MMDevApi.dll
0x00007ffe3ee50000 - 0x00007ffe3ee79000 	C:\WINDOWS\System32\DEVOBJ.dll
0x00007ffe388e0000 - 0x00007ffe38a28000 	C:\WINDOWS\SYSTEM32\AUDIOSES.DLL
0x00007ffe3a350000 - 0x00007ffe3a4a3000 	C:\WINDOWS\SYSTEM32\wintypes.dll
0x00007ffe384a0000 - 0x00007ffe384aa000 	C:\WINDOWS\SYSTEM32\AVRT.dll
0x00007ffe3d780000 - 0x00007ffe3d794000 	C:\WINDOWS\SYSTEM32\resourcepolicyclient.dll
0x00007ffe40900000 - 0x00007ffe40a6a000 	C:\WINDOWS\System32\MSCTF.dll
0x00007ffe3d670000 - 0x00007ffe3d69e000 	C:\WINDOWS\system32\dwmapi.dll
0x00007ffe3f160000 - 0x00007ffe3f33b000 	C:\WINDOWS\System32\CRYPT32.dll
0x00007ffe3f020000 - 0x00007ffe3f032000 	C:\WINDOWS\System32\MSASN1.dll
0x00000000755c0000 - 0x0000000077c80000 	C:\WINDOWS\System32\DriverStore\FileRepository\nv_dispi.inf_amd64_c5dc31c3a136544a\nvoglv64.dll
0x00007ffe42570000 - 0x00007ffe429e5000 	C:\WINDOWS\System32\SETUPAPI.dll
0x00007ffe3b6f0000 - 0x00007ffe3b703000 	C:\WINDOWS\SYSTEM32\WTSAPI32.dll
0x00007ffe3f780000 - 0x00007ffe3f7d9000 	C:\WINDOWS\System32\WINTRUST.dll
0x00007ffe3e0b0000 - 0x00007ffe3e0e1000 	C:\WINDOWS\SYSTEM32\ntmarta.dll
0x00007ffe10610000 - 0x00007ffe108be000 	C:\WINDOWS\system32\nvspcap64.dll
0x00007ffe35480000 - 0x00007ffe3552d000 	C:\WINDOWS\SYSTEM32\mscms.dll
0x00007ffe3a6c0000 - 0x00007ffe3a6d0000 	C:\WINDOWS\SYSTEM32\ColorAdapterClient.dll
0x00007ffe19100000 - 0x00007ffe19143000 	C:\WINDOWS\SYSTEM32\icm32.dll
0x00007ffe3eb40000 - 0x00007ffe3eb98000 	C:\WINDOWS\SYSTEM32\WINSTA.dll
0x00007ffe32ce0000 - 0x00007ffe32d75000 	C:\WINDOWS\System32\TextInputFramework.dll
0x00007ffe37fc0000 - 0x00007ffe382e2000 	C:\WINDOWS\System32\CoreUIComponents.dll
0x00007ffe3cca0000 - 0x00007ffe3cd82000 	C:\WINDOWS\System32\CoreMessaging.dll
0x000000006e9c0000 - 0x000000006ea4c000 	C:\Users\Giuseppe\AppData\Local\Temp\libgdxGiuseppe\7da55056\gdx-box2d64.dll
0x00007ffe33810000 - 0x00007ffe339fd000 	C:\WINDOWS\SYSTEM32\dbghelp.dll

VM Arguments:
jvm_args: -Dfile.encoding=windows-1252 -Duser.country=IT -Duser.language=it -Duser.variant 
java_command: com.mygdx.game.desktop.DesktopLauncher
java_class_path (initial): D:\Programmazione\Progetto Java\Progetto\desktop\build\classes\java\main;D:\Programmazione\Progetto Java\Progetto\desktop\build\resources\main;D:\Programmazione\Progetto Java\Progetto\core\build\libs\core-1.0.jar;C:\Users\Giuseppe\.gradle\caches\modules-2\files-2.1\com.badlogicgames.gdx\gdx-backend-lwjgl\1.9.9\ca8911cb94c0bfeb59f99e46ca9b92440958fb0e\gdx-backend-lwjgl-1.9.9.jar;C:\Users\Giuseppe\.gradle\caches\modules-2\files-2.1\com.badlogicgames.gdx\gdx-platform\1.9.9\7e644cfafdb436b13b24ac7993ffab17f306b64d\gdx-platform-1.9.9-natives-desktop.jar;C:\Users\Giuseppe\.gradle\caches\modules-2\files-2.1\com.badlogicgames.gdx\gdx-box2d-platform\1.9.9\72b2916f45f3f948896eda931cd597f7e698340f\gdx-box2d-platform-1.9.9-natives-desktop.jar;C:\Users\Giuseppe\.gradle\caches\modules-2\files-2.1\com.badlogicgames.gdx\gdx-bullet-platform\1.9.9\9127b500aaf85d36c79356d1e6a1c55efd45605b\gdx-bullet-platform-1.9.9-natives-desktop.jar;C:\Users\Giuseppe\.gradle\caches\modules-2\files-2.1\com.badlogicgames.gdx\gdx-bullet\1.9.9\2d9d401dd81a607a52ba93d0c3ec2b09967fa9d7\gdx-bullet-1.9.9.jar;C:\Users\Giuseppe\.gradle\caches\modules-2\files-2.1\com.badlogicgames.box2dlights\box2dlights\1.4\3d77ad5b4164fb32fc67e2446e35911bb0aaf0bd\box2dlights-1.4.jar;C:\Users\Giuseppe\.gradle\caches\modules-2\files-2.1\com.badlogicgames.gdx\gdx-box2d\1.9.9\e9a43c50fbe4f1e26dd0af5d2e78d125549e7f6b\gdx-box2d-1.9.9.jar;C:\Users\Giuseppe\.gradle\caches\modules-2\files-2.1\com.badlogicgames.gdx\gdx\1.9.9\bf26f2f816b3cfe37ac6e66615391c30714b7030\gdx-1.9.9.jar;C:\Users\Giuseppe\.gradle\caches\modules-2\files-2.1\org.lwjgl.lwjgl\lwjgl_util\2.9.2\4b9e37300a87799856e0bd15ed81663cdb6b0947\lwjgl_util-2.9.2.jar;C:\Users\Giuseppe\.gradle\caches\modules-2\files-2.1\org.lwjgl.lwjgl\lwjgl\2.9.2\a9d80fe5935c7a9149f6584d9777cfd471f65489\lwjgl-2.9.2.jar;C:\Users\Giuseppe\.gradle\caches\modules-2\files-2.1\com.badlogicgames.jlayer\jlayer\1.0.1-gdx\7cca83cec5c1b2f011362f4d85aabd71a73b049d\jlayer-1.0.1-g
Launcher Type: SUN_STANDARD

Environment Variables:
PATH=C:\Program Files (x86)\Common Files\Oracle\Java\javapath;C:\ProgramData\Oracle\Java\javapath;C:\Windows\system32;C:\Windows;C:\Windows\System32\Wbem;C:\Windows\System32\WindowsPowerShell\v1.0\;C:\WINDOWS\system32;C:\WINDOWS;C:\WINDOWS\System32\Wbem;C:\WINDOWS\System32\WindowsPowerShell\v1.0\;C:\Program Files (x86)\Skype\Phone\;C:\WINDOWS\System32\OpenSSH\;C:\Program Files\dotnet\;C:\Program Files (x86)\NVIDIA Corporation\PhysX\Common;C:\Program Files\NVIDIA Corporation\NVIDIA NvDLISR;C:\WINDOWS\system32;C:\WINDOWS;C:\WINDOWS\System32\Wbem;C:\WINDOWS\System32\WindowsPowerShell\v1.0\;C:\WINDOWS\System32\OpenSSH\;D:\Programmazione\opencv\build\x64\vc14\bin;D:\Python\Scripts\;D:\Python\;C:\Users\Giuseppe\AppData\Local\Microsoft\WindowsApps;C:\Users\Giuseppe\AppData\Local\atom\bin;C:\Users\Giuseppe\AppData\Local\Microsoft\WindowsApps;
USERNAME=Giuseppe
OS=Windows_NT
PROCESSOR_IDENTIFIER=Intel64 Family 6 Model 60 Stepping 3, GenuineIntel



---------------  S Y S T E M  ---------------

OS: Windows 10.0 , 64 bit Build 17763 (10.0.17763.379)

CPU:total 4 (initial active 4) (4 cores per cpu, 1 threads per core) family 6 model 60 stepping 3, cmov, cx8, fxsr, mmx, sse, sse2, sse3, ssse3, sse4.1, sse4.2, popcnt, avx, avx2, aes, clmul, erms, lzcnt, tsc, tscinvbit, bmi1, bmi2

Memory: 4k page, physical 16719052k(9166204k free), swap 19733708k(7921276k free)

vm_info: Java HotSpot(TM) 64-Bit Server VM (25.181-b13) for windows-amd64 JRE (1.8.0_181-b13), built on Jul  7 2018 04:01:33 by "java_re" with MS VC++ 10.0 (VS2010)

time: Sat Mar 30 22:50:02 2019
elapsed time: 12 seconds (0d 0h 0m 12s)

